Class: ['header'], ID: None
Class: ['title'], ID: None
Class: ['time-limit'], ID: None
Class: ['property-title'], ID: None
Class: ['memory-limit'], ID: None
Class: ['property-title'], ID: None
Class: ['input-file', 'input-standard'], ID: None
Class: ['property-title'], ID: None
Class: ['output-file', 'output-standard'], ID: None
Class: ['property-title'], ID: None
Class: [], ID: None
Class: [], ID: None
Class: ['MathJax_Preview'], ID: None
Class: ['MathJax'], ID: MathJax-Element-1-Frame
Class: [], ID: None
Class: ['math'], ID: MathJax-Span-1
Class: [], ID: None
Class: [], ID: None
Class: ['mrow'], ID: MathJax-Span-2
Class: ['mn'], ID: MathJax-Span-3
Class: [], ID: None
Class: [], ID: None
Class: ['MJX_Assistive_MathML'], ID: None
Class: [], ID: None
Class: [], ID: None
Class: [], ID: MathJax-Element-1
Class: ['MathJax_Preview'], ID: None
Class: ['MathJax'], ID: MathJax-Element-2-Frame
Class: [], ID: None
Class: ['math'], ID: MathJax-Span-4
Class: [], ID: None
Class: [], ID: None
Class: ['mrow'], ID: MathJax-Span-5
Class: ['mn'], ID: MathJax-Span-6
Class: [], ID: None
Class: [], ID: None
Class: ['MJX_Assistive_MathML'], ID: None
Class: [], ID: None
Class: [], ID: None
Class: [], ID: MathJax-Element-2
Class: ['MathJax_Preview'], ID: None
Class: ['MathJax'], ID: MathJax-Element-3-Frame
Class: [], ID: None
Class: ['math'], ID: MathJax-Span-7
Class: [], ID: None
Class: [], ID: None
Class: ['mrow'], ID: MathJax-Span-8
Class: ['mi'], ID: MathJax-Span-9
Class: [], ID: None
Class: [], ID: None
Class: ['MJX_Assistive_MathML'], ID: None
Class: [], ID: None
Class: [], ID: None
Class: [], ID: MathJax-Element-3
Class: ['MathJax_Preview'], ID: None
Class: ['MathJax'], ID: MathJax-Element-4-Frame
Class: [], ID: None
Class: ['math'], ID: MathJax-Span-10
Class: [], ID: None
Class: [], ID: None
Class: ['mrow'], ID: MathJax-Span-11
Class: ['mi'], ID: MathJax-Span-12
Class: [], ID: None
Class: [], ID: None
Class: ['MJX_Assistive_MathML'], ID: None
Class: [], ID: None
Class: [], ID: None
Class: [], ID: MathJax-Element-4
Class: ['MathJax_Preview'], ID: None
Class: ['MathJax'], ID: MathJax-Element-5-Frame
Class: [], ID: None
Class: ['math'], ID: MathJax-Span-13
Class: [], ID: None
Class: [], ID: None
Class: ['mrow'], ID: MathJax-Span-14
Class: ['texatom'], ID: MathJax-Span-15
Class: ['mrow'], ID: MathJax-Span-16
Class: ['mo'], ID: MathJax-Span-17
Class: ['mi'], ID: MathJax-Span-18
Class: ['mo'], ID: MathJax-Span-19
Class: ['mi'], ID: MathJax-Span-20
Class: ['texatom'], ID: MathJax-Span-21
Class: ['mrow'], ID: MathJax-Span-22
Class: ['mo'], ID: MathJax-Span-23
Class: [], ID: None
Class: [], ID: None
Class: ['MJX_Assistive_MathML'], ID: None
Class: [], ID: None
Class: ['MJX-TeXAtom-ORD'], ID: None
Class: [], ID: None
Class: [], ID: None
Class: [], ID: None
Class: [], ID: None
Class: ['MJX-TeXAtom-ORD'], ID: None
Class: [], ID: None
Class: [], ID: MathJax-Element-5
Class: [], ID: None
Class: ['tex-font-style-it'], ID: None
Class: ['MathJax_Preview'], ID: None
Class: ['MathJax'], ID: MathJax-Element-6-Frame
Class: [], ID: None
Class: ['math'], ID: MathJax-Span-24
Class: [], ID: None
Class: [], ID: None
Class: ['mrow'], ID: MathJax-Span-25
Class: ['mn'], ID: MathJax-Span-26
Class: [], ID: None
Class: [], ID: None
Class: ['MJX_Assistive_MathML'], ID: None
Class: [], ID: None
Class: [], ID: None
Class: [], ID: MathJax-Element-6
Class: ['MathJax_Preview'], ID: None
Class: ['MathJax'], ID: MathJax-Element-7-Frame
Class: [], ID: None
Class: ['math'], ID: MathJax-Span-27
Class: [], ID: None
Class: [], ID: None
Class: ['mrow'], ID: MathJax-Span-28
Class: ['mn'], ID: MathJax-Span-29
Class: [], ID: None
Class: [], ID: None
Class: ['MJX_Assistive_MathML'], ID: None
Class: [], ID: None
Class: [], ID: None
Class: [], ID: MathJax-Element-7
Class: [], ID: None
Class: ['tex-font-style-it'], ID: None
Class: ['input-specification'], ID: None
Class: ['section-title'], ID: None
Class: [], ID: None
Class: ['MathJax_Preview'], ID: None
Class: ['MathJax'], ID: MathJax-Element-8-Frame
Class: [], ID: None
Class: ['math'], ID: MathJax-Span-30
Class: [], ID: None
Class: [], ID: None
Class: ['mrow'], ID: MathJax-Span-31
Class: ['mi'], ID: MathJax-Span-32
Class: [], ID: None
Class: [], ID: None
Class: ['MJX_Assistive_MathML'], ID: None
Class: [], ID: None
Class: [], ID: None
Class: [], ID: MathJax-Element-8
Class: ['MathJax_Preview'], ID: None
Class: ['MathJax'], ID: MathJax-Element-9-Frame
Class: [], ID: None
Class: ['math'], ID: MathJax-Span-33
Class: [], ID: None
Class: [], ID: None
Class: ['mrow'], ID: MathJax-Span-34
Class: ['mn'], ID: MathJax-Span-35
Class: ['mo'], ID: MathJax-Span-36
Class: ['mi'], ID: MathJax-Span-37
Class: ['mo'], ID: MathJax-Span-38
Class: ['mn'], ID: MathJax-Span-39
Class: [], ID: None
Class: [], ID: None
Class: ['MJX_Assistive_MathML'], ID: None
Class: [], ID: None
Class: [], ID: None
Class: [], ID: None
Class: [], ID: None
Class: [], ID: None
Class: [], ID: None
Class: [], ID: MathJax-Element-9
Class: [], ID: None
Class: [], ID: None
Class: ['MathJax_Preview'], ID: None
Class: ['MathJax'], ID: MathJax-Element-10-Frame
Class: [], ID: None
Class: ['math'], ID: MathJax-Span-40
Class: [], ID: None
Class: [], ID: None
Class: ['mrow'], ID: MathJax-Span-41
Class: ['mi'], ID: MathJax-Span-42
Class: [], ID: None
Class: [], ID: None
Class: ['MJX_Assistive_MathML'], ID: None
Class: [], ID: None
Class: [], ID: None
Class: [], ID: MathJax-Element-10
Class: ['MathJax_Preview'], ID: None
Class: ['MathJax'], ID: MathJax-Element-11-Frame
Class: [], ID: None
Class: ['math'], ID: MathJax-Span-43
Class: [], ID: None
Class: [], ID: None
Class: ['mrow'], ID: MathJax-Span-44
Class: ['mn'], ID: MathJax-Span-45
Class: ['mo'], ID: MathJax-Span-46
Class: ['mi'], ID: MathJax-Span-47
Class: ['mo'], ID: MathJax-Span-48
Class: ['mn'], ID: MathJax-Span-49
Class: [], ID: None
Class: [], ID: None
Class: ['MJX_Assistive_MathML'], ID: None
Class: [], ID: None
Class: [], ID: None
Class: [], ID: None
Class: [], ID: None
Class: [], ID: None
Class: [], ID: None
Class: [], ID: MathJax-Element-11
Class: [], ID: None
Class: ['MathJax_Preview'], ID: None
Class: ['MathJax'], ID: MathJax-Element-12-Frame
Class: [], ID: None
Class: ['math'], ID: MathJax-Span-50
Class: [], ID: None
Class: [], ID: None
Class: ['mrow'], ID: MathJax-Span-51
Class: ['mi'], ID: MathJax-Span-52
Class: [], ID: None
Class: [], ID: None
Class: ['MJX_Assistive_MathML'], ID: None
Class: [], ID: None
Class: [], ID: None
Class: [], ID: MathJax-Element-12
Class: ['MathJax_Preview'], ID: None
Class: ['MathJax'], ID: MathJax-Element-13-Frame
Class: [], ID: None
Class: ['math'], ID: MathJax-Span-53
Class: [], ID: None
Class: [], ID: None
Class: ['mrow'], ID: MathJax-Span-54
Class: ['msubsup'], ID: MathJax-Span-55
Class: [], ID: None
Class: [], ID: None
Class: ['mi'], ID: MathJax-Span-56
Class: [], ID: None
Class: [], ID: None
Class: ['texatom'], ID: MathJax-Span-57
Class: ['mrow'], ID: MathJax-Span-58
Class: ['mn'], ID: MathJax-Span-59
Class: [], ID: None
Class: ['mo'], ID: MathJax-Span-60
Class: ['msubsup'], ID: MathJax-Span-61
Class: [], ID: None
Class: [], ID: None
Class: ['mi'], ID: MathJax-Span-62
Class: [], ID: None
Class: [], ID: None
Class: ['texatom'], ID: MathJax-Span-63
Class: ['mrow'], ID: MathJax-Span-64
Class: ['mn'], ID: MathJax-Span-65
Class: [], ID: None
Class: ['mo'], ID: MathJax-Span-66
Class: ['mo'], ID: MathJax-Span-67
Class: ['mo'], ID: MathJax-Span-68
Class: ['msubsup'], ID: MathJax-Span-69
Class: [], ID: None
Class: [], ID: None
Class: ['mi'], ID: MathJax-Span-70
Class: [], ID: None
Class: [], ID: None
Class: ['texatom'], ID: MathJax-Span-71
Class: ['mrow'], ID: MathJax-Span-72
Class: ['mi'], ID: MathJax-Span-73
Class: [], ID: None
Class: [], ID: None
Class: [], ID: None
Class: ['MJX_Assistive_MathML'], ID: None
Class: [], ID: None
Class: [], ID: None
Class: [], ID: None
Class: ['MJX-TeXAtom-ORD'], ID: None
Class: [], ID: None
Class: [], ID: None
Class: [], ID: None
Class: [], ID: None
Class: ['MJX-TeXAtom-ORD'], ID: None
Class: [], ID: None
Class: [], ID: None
Class: [], ID: None
Class: [], ID: None
Class: [], ID: None
Class: [], ID: None
Class: ['MJX-TeXAtom-ORD'], ID: None
Class: [], ID: None
Class: [], ID: MathJax-Element-13
Class: ['MathJax_Preview'], ID: None
Class: ['MathJax'], ID: MathJax-Element-14-Frame
Class: [], ID: None
Class: ['math'], ID: MathJax-Span-74
Class: [], ID: None
Class: [], ID: None
Class: ['mrow'], ID: MathJax-Span-75
Class: ['mn'], ID: MathJax-Span-76
Class: ['mo'], ID: MathJax-Span-77
Class: ['msubsup'], ID: MathJax-Span-78
Class: [], ID: None
Class: [], ID: None
Class: ['mi'], ID: MathJax-Span-79
Class: [], ID: None
Class: [], ID: None
Class: ['texatom'], ID: MathJax-Span-80
Class: ['mrow'], ID: MathJax-Span-81
Class: ['mi'], ID: MathJax-Span-82
Class: [], ID: None
Class: ['mo'], ID: MathJax-Span-83
Class: ['mn'], ID: MathJax-Span-84
Class: [], ID: None
Class: [], ID: None
Class: ['MJX_Assistive_MathML'], ID: None
Class: [], ID: None
Class: [], ID: None
Class: [], ID: None
Class: [], ID: None
Class: [], ID: None
Class: ['MJX-TeXAtom-ORD'], ID: None
Class: [], ID: None
Class: [], ID: None
Class: [], ID: None
Class: [], ID: MathJax-Element-14
Class: ['output-specification'], ID: None
Class: ['section-title'], ID: None
Class: [], ID: None
Class: ['tex-font-style-tt'], ID: None
Class: ['tex-font-style-it'], ID: None
Class: ['tex-font-style-tt'], ID: None
Class: [], ID: None
Class: ['tex-font-style-tt'], ID: None
Class: ['tex-font-style-tt'], ID: None
Class: ['tex-font-style-tt'], ID: None
Class: ['tex-font-style-tt'], ID: None
Class: ['sample-tests'], ID: None
Class: ['section-title'], ID: None
Class: ['sample-test'], ID: None
Class: ['input'], ID: None
Class: ['title'], ID: None
Class: ['input-output-copier'], ID: id00028220061749663072
Class: [], ID: id00004249053778555112
Class: ['test-example-line', 'test-example-line-even', 'test-example-line-0'], ID: None
Class: ['test-example-line', 'test-example-line-odd', 'test-example-line-1'], ID: None
Class: ['test-example-line', 'test-example-line-odd', 'test-example-line-1'], ID: None
Class: ['test-example-line', 'test-example-line-even', 'test-example-line-2'], ID: None
Class: ['test-example-line', 'test-example-line-even', 'test-example-line-2'], ID: None
Class: ['test-example-line', 'test-example-line-odd', 'test-example-line-3'], ID: None
Class: ['test-example-line', 'test-example-line-odd', 'test-example-line-3'], ID: None
Class: ['test-example-line', 'test-example-line-even', 'test-example-line-4'], ID: None
Class: ['test-example-line', 'test-example-line-even', 'test-example-line-4'], ID: None
Class: ['test-example-line', 'test-example-line-odd', 'test-example-line-5'], ID: None
Class: ['test-example-line', 'test-example-line-odd', 'test-example-line-5'], ID: None
Class: ['test-example-line', 'test-example-line-even', 'test-example-line-6'], ID: None
Class: ['test-example-line', 'test-example-line-even', 'test-example-line-6'], ID: None
Class: ['test-example-line', 'test-example-line-odd', 'test-example-line-7'], ID: None
Class: ['test-example-line', 'test-example-line-odd', 'test-example-line-7'], ID: None
Class: ['test-example-line', 'test-example-line-even', 'test-example-line-8'], ID: None
Class: ['test-example-line', 'test-example-line-even', 'test-example-line-8'], ID: None
Class: ['output'], ID: None
Class: ['title'], ID: None
Class: ['input-output-copier'], ID: id009439507054997114
Class: [], ID: id005236174464895476
